<?xml version="1.0" encoding="UTF-8"?>
<testng-results ignored="0" total="1" passed="1" failed="0" skipped="0">
  <reporter-output>
  </reporter-output>
  <suite started-at="2023-11-21T10:21:40 IST" name="Default suite" finished-at="2023-11-21T10:21:50 IST" duration-ms="9468">
    <groups>
    </groups>
    <test started-at="2023-11-21T10:21:40 IST" name="Default test" finished-at="2023-11-21T10:21:50 IST" duration-ms="9468">
      <class name="authentication.Oauth2">
        <test-method signature="oAuth2()[pri:0, instance:authentication.Oauth2@19d481b]" started-at="2023-11-21T10:21:41 IST" name="oAuth2" finished-at="2023-11-21T10:21:50 IST" duration-ms="9377" status="PASS">
          <reporter-output>
          </reporter-output>
        </test-method> <!-- oAuth2 -->
      </class> <!-- authentication.Oauth2 -->
    </test> <!-- Default test -->
  </suite> <!-- Default suite -->
</testng-results>
